Symlinking /home/mhviolentsky/catkin_ws/devel/share/gennodejs/ros/f450/_index.js
Symlinking /home/mhviolentsky/catkin_ws/devel/share/gennodejs/ros/f450/msg/RTCM.js
Symlinking /home/mhviolentsky/catkin_ws/devel/share/gennodejs/ros/f450/msg/_index.js
Symlinking /home/mhviolentsky/catkin_ws/devel/share/roseus/ros/f450/manifest.l
Symlinking /home/mhviolentsky/catkin_ws/devel/share/roseus/ros/f450/msg/RTCM.l
Symlinking /home/mhviolentsky/catkin_ws/devel/share/common-lisp/ros/f450/msg/_package_RTCM.lisp
Symlinking /home/mhviolentsky/catkin_ws/devel/share/common-lisp/ros/f450/msg/RTCM.lisp
Symlinking /home/mhviolentsky/catkin_ws/devel/share/common-lisp/ros/f450/msg/_package.lisp
Symlinking /home/mhviolentsky/catkin_ws/devel/share/common-lisp/ros/f450/msg/f450-msg.asd
Symlinking /home/mhviolentsky/catkin_ws/devel/share/f450/cmake/f450Config.cmake
Symlinking /home/mhviolentsky/catkin_ws/devel/share/f450/cmake/f450-msg-paths.cmake
Symlinking /home/mhviolentsky/catkin_ws/devel/share/f450/cmake/f450Config-version.cmake
Symlinking /home/mhviolentsky/catkin_ws/devel/share/f450/cmake/f450-msg-extras.cmake
Symlinking /home/mhviolentsky/catkin_ws/devel/include/f450/RTCM.h
Symlinking /home/mhviolentsky/catkin_ws/devel/lib/python2.7/dist-packages/f450/__init__.py
Symlinking /home/mhviolentsky/catkin_ws/devel/lib/python2.7/dist-packages/f450/msg/_RTCM.py
Symlinking /home/mhviolentsky/catkin_ws/devel/lib/python2.7/dist-packages/f450/msg/__init__.py
Symlinking /home/mhviolentsky/catkin_ws/devel/lib/pkgconfig/f450.pc
Symlinking /home/mhviolentsky/catkin_ws/devel/lib/f450/set_mode_1
Symlinking /home/mhviolentsky/catkin_ws/devel/lib/f450/control0
Symlinking /home/mhviolentsky/catkin_ws/devel/lib/f450/set_mode_2
