[35m[1mScanning dependencies of target _f450_generate_messages_check_deps_RTCM[0m
[35m[1mScanning dependencies of target std_msgs_generate_messages_cpp[0m
[  0%] Built target std_msgs_generate_messages_cpp
[35m[1mScanning dependencies of target std_msgs_generate_messages_py[0m
[  0%] Built target _f450_generate_messages_check_deps_RTCM
[  0%] Built target std_msgs_generate_messages_py
[35m[1mScanning dependencies of target std_msgs_generate_messages_nodejs[0m
[  0%] Built target std_msgs_generate_messages_nodejs
[35m[1mScanning dependencies of target std_msgs_generate_messages_eus[0m
[  0%] Built target std_msgs_generate_messages_eus
[35m[1mScanning dependencies of target std_msgs_generate_messages_lisp[0m
[  0%] Built target std_msgs_generate_messages_lisp
[35m[1mScanning dependencies of target f450_generate_messages_cpp[0m
[  7%] [34m[1mGenerating C++ code from f450/RTCM.msg[0m
[35m[1mScanning dependencies of target f450_generate_messages_py[0m
[  7%] Built target f450_generate_messages_cpp
[ 15%] [34m[1mGenerating Python from MSG f450/RTCM[0m
[35m[1mScanning dependencies of target f450_generate_messages_nodejs[0m
[ 23%] [34m[1mGenerating Python msg __init__.py for f450[0m
[ 30%] [34m[1mGenerating Javascript code from f450/RTCM.msg[0m
[ 30%] Built target f450_generate_messages_nodejs
[ 30%] Built target f450_generate_messages_py
[35m[1mScanning dependencies of target f450_generate_messages_eus[0m
[ 38%] [34m[1mGenerating EusLisp code from f450/RTCM.msg[0m
[ 46%] [34m[1mGenerating EusLisp manifest code for f450[0m
[35m[1mScanning dependencies of target f450_generate_messages_lisp[0m
[ 53%] [34m[1mGenerating Lisp code from f450/RTCM.msg[0m
[ 53%] Built target f450_generate_messages_eus
[ 53%] Built target f450_generate_messages_lisp
[35m[1mScanning dependencies of target f450_gencpp[0m
[ 53%] Built target f450_gencpp
[35m[1mScanning dependencies of target f450_generate_messages[0m
[ 53%] Built target f450_generate_messages
[35m[1mScanning dependencies of target set_mode_2[0m
[ 61%] [32mBuilding CXX object CMakeFiles/set_mode_2.dir/src/set_mode_2.cpp.o[0m
[35m[1mScanning dependencies of target set_mode_1[0m
[ 69%] [32mBuilding CXX object CMakeFiles/set_mode_1.dir/src/set_mode_1.cpp.o[0m
[35m[1mScanning dependencies of target control0[0m
[ 76%] [32mBuilding CXX object CMakeFiles/control0.dir/src/control0.cpp.o[0m
[ 84%] [32m[1mLinking CXX executable /home/mhviolentsky/catkin_ws/devel/.private/f450/lib/f450/set_mode_2[0m
[ 84%] Built target set_mode_2
[ 92%] [32m[1mLinking CXX executable /home/mhviolentsky/catkin_ws/devel/.private/f450/lib/f450/set_mode_1[0m
[ 92%] Built target set_mode_1
[100%] [32m[1mLinking CXX executable /home/mhviolentsky/catkin_ws/devel/.private/f450/lib/f450/control0[0m
[100%] Built target control0
