[  0%] Built target std_msgs_generate_messages_cpp
[  0%] Built target geographic_msgs_generate_messages_cpp
[  0%] Built target geometry_msgs_generate_messages_cpp
[  0%] Built target geographic_msgs_generate_messages_nodejs
[  0%] Built target sensor_msgs_generate_messages_nodejs
[  0%] Built target _outdoor_gcs_generate_messages_check_deps_GPSRAW
[  0%] Built target sensor_msgs_generate_messages_cpp
[  0%] Built target geographic_msgs_generate_messages_py
[  0%] Built target _outdoor_gcs_generate_messages_check_deps_PathPlan
[  0%] Built target std_msgs_generate_messages_nodejs
[  0%] Built target geometry_msgs_generate_messages_nodejs
[  0%] Built target sensor_msgs_generate_messages_py
[  0%] Built target std_msgs_generate_messages_py
[  0%] Built target sensor_msgs_generate_messages_lisp
[  0%] Built target geometry_msgs_generate_messages_lisp
[  0%] Built target geometry_msgs_generate_messages_py
[  0%] Built target geometry_msgs_generate_messages_eus
[  0%] Built target std_msgs_generate_messages_lisp
[  0%] Built target geographic_msgs_generate_messages_lisp
[  0%] Built target geographic_msgs_generate_messages_eus
[  7%] Built target outdoor_gcs_generate_messages_cpp
[  7%] Built target sensor_msgs_generate_messages_eus
[ 15%] Built target outdoor_gcs_generate_messages_nodejs
[ 30%] Built target outdoor_gcs_generate_messages_py
[ 30%] Built target std_msgs_generate_messages_eus
[ 38%] Built target outdoor_gcs_generate_messages_lisp
[ 42%] [34m[1mAutomatic MOC, UIC and RCC for target outdoor_gcs[0m
[ 53%] Built target outdoor_gcs_generate_messages_eus
[ 53%] Built target outdoor_gcs_autogen
[ 53%] Built target outdoor_gcs_generate_messages
[ 57%] [34m[1mGenerating include/outdoor_gcs/moc_qnode.cpp[0m
[35m[1mScanning dependencies of target outdoor_gcs[0m
[ 61%] [32mBuilding CXX object CMakeFiles/outdoor_gcs.dir/src/main.cpp.o[0m
[ 65%] [32mBuilding CXX object CMakeFiles/outdoor_gcs.dir/include/outdoor_gcs/moc_main_window.cpp.o[0m
[ 69%] [32mBuilding CXX object CMakeFiles/outdoor_gcs.dir/src/main_window.cpp.o[0m
[ 76%] [32mBuilding CXX object CMakeFiles/outdoor_gcs.dir/src/qnode.cpp.o[0m
[ 76%] [32mBuilding CXX object CMakeFiles/outdoor_gcs.dir/include/outdoor_gcs/moc_qnode.cpp.o[0m
[ 80%] [32m[1mLinking CXX executable /home/mhviolentsky/catkin_ws/devel/.private/outdoor_gcs/lib/outdoor_gcs/outdoor_gcs[0m
[100%] Built target outdoor_gcs
