[  0%] Built target geographic_msgs_generate_messages_nodejs
[  0%] Built target geographic_msgs_generate_messages_cpp
[  0%] Built target std_msgs_generate_messages_cpp
[  0%] Built target sensor_msgs_generate_messages_cpp
[  0%] Built target sensor_msgs_generate_messages_nodejs
[  0%] Built target geometry_msgs_generate_messages_cpp
[  0%] Built target _outdoor_gcs_generate_messages_check_deps_GPSRAW
[  0%] Built target geometry_msgs_generate_messages_py
[  0%] Built target std_msgs_generate_messages_py
[  0%] Built target std_msgs_generate_messages_nodejs
[  0%] Built target _outdoor_gcs_generate_messages_check_deps_PathPlan
[  0%] Built target geographic_msgs_generate_messages_py
[  0%] Built target geometry_msgs_generate_messages_nodejs
[  0%] Built target sensor_msgs_generate_messages_lisp
[  0%] Built target sensor_msgs_generate_messages_py
[  0%] Built target geographic_msgs_generate_messages_eus
[  0%] Built target geometry_msgs_generate_messages_lisp
[  0%] Built target geographic_msgs_generate_messages_lisp
[  0%] Built target std_msgs_generate_messages_lisp
[  0%] Built target geometry_msgs_generate_messages_eus
[  0%] Built target sensor_msgs_generate_messages_eus
[  0%] Built target std_msgs_generate_messages_eus
[  7%] Built target outdoor_gcs_generate_messages_nodejs
[ 15%] Built target outdoor_gcs_generate_messages_cpp
[ 30%] Built target outdoor_gcs_generate_messages_py
[ 38%] Built target outdoor_gcs_generate_messages_lisp
[ 50%] Built target outdoor_gcs_generate_messages_eus
[ 53%] [34m[1mAutomatic MOC, UIC and RCC for target outdoor_gcs[0m
[ 53%] Built target outdoor_gcs_generate_messages
[ 53%] Built target outdoor_gcs_autogen
[35m[1mScanning dependencies of target outdoor_gcs[0m
[ 57%] [32mBuilding CXX object CMakeFiles/outdoor_gcs.dir/src/qnode.cpp.o[0m
[ 61%] [32m[1mLinking CXX executable /home/mhviolentsky/catkin_ws/devel/.private/outdoor_gcs/lib/outdoor_gcs/outdoor_gcs[0m
[100%] Built target outdoor_gcs
