[  0%] Built target _px4_command_generate_messages_check_deps_AuxiliaryState
[  0%] Built target _px4_command_generate_messages_check_deps_Emergency
[  0%] Built target _px4_command_generate_messages_check_deps_AttitudeReference
[  0%] Built target _px4_command_generate_messages_check_deps_AddonForce
[  0%] Built target _px4_command_generate_messages_check_deps_ControlCommand
[  0%] Built target _px4_command_generate_messages_check_deps_ControlOutput
[  0%] Built target _px4_command_generate_messages_check_deps_SinglePayloadAction
[  0%] Built target _px4_command_generate_messages_check_deps_HomePosition
[  0%] Built target _px4_command_generate_messages_check_deps_Trajectory
[  0%] Built target _px4_command_generate_messages_check_deps_TrajectoryPoint
[  0%] Built target _px4_command_generate_messages_check_deps_FleetStatus
[  0%] Built target _px4_command_generate_messages_check_deps_SetHome
[  0%] Built target _px4_command_generate_messages_check_deps_ControlParameter
[  0%] Built target _px4_command_generate_messages_check_deps_PayloadPoseCommand
[  0%] Built target _px4_command_generate_messages_check_deps_MultiPayloadAction
[  0%] Built target std_msgs_generate_messages_cpp
[  0%] Built target geographic_msgs_generate_messages_cpp
[  0%] Built target _px4_command_generate_messages_check_deps_GeneralInfo
[  0%] Built target sensor_msgs_generate_messages_cpp
[  0%] Built target _px4_command_generate_messages_check_deps_DroneState
[  0%] Built target _px4_command_generate_messages_check_deps_AuxiliaryState_singleUAV
[  0%] Built target nav_msgs_generate_messages_cpp
[  0%] Built target _px4_command_generate_messages_check_deps_Mocap
[  0%] Built target _px4_command_generate_messages_check_deps_Topic_for_log
[  0%] Built target geometry_msgs_generate_messages_cpp
[  0%] Built target nav_msgs_generate_messages_py
[  0%] Built target geographic_msgs_generate_messages_py
[  0%] Built target geometry_msgs_generate_messages_py
[  0%] Built target sensor_msgs_generate_messages_py
[  0%] Built target std_msgs_generate_messages_py
[  0%] Built target sensor_msgs_generate_messages_nodejs
[  0%] Built target std_msgs_generate_messages_nodejs
[  0%] Built target nav_msgs_generate_messages_nodejs
[  0%] Built target geometry_msgs_generate_messages_nodejs
[  0%] Built target geometry_msgs_generate_messages_lisp
[  0%] Built target geographic_msgs_generate_messages_nodejs
[  0%] Built target geographic_msgs_generate_messages_lisp
[  0%] Built target std_msgs_generate_messages_lisp
[  0%] Built target sensor_msgs_generate_messages_lisp
[  0%] Built target nav_msgs_generate_messages_lisp
[  0%] Built target nav_msgs_generate_messages_eus
[  0%] Built target sensor_msgs_generate_messages_eus
[  0%] Built target std_msgs_generate_messages_eus
[  0%] Built target geometry_msgs_generate_messages_eus
[  0%] Built target geographic_msgs_generate_messages_eus
[ 18%] Built target px4_command_generate_messages_py
[ 34%] Built target px4_command_generate_messages_cpp
[ 51%] Built target px4_command_generate_messages_lisp
[ 67%] Built target px4_command_generate_messages_nodejs
[ 83%] Built target px4_command_generate_messages_eus
[ 83%] Built target px4_command_gencpp
[ 83%] Built target px4_command_generate_messages
[ 85%] Built target set_uav0_mode
[ 88%] Built target px4_multidrone_pos_controller
[ 90%] Built target px4_multidrone_pos_estimator_outdoor
[ 91%] Built target px4_multidrone_pos_estimator_pure_vision
[ 92%] Built target px4_multidrone_pos_estimator
[ 93%] Built target set_uav1_mode
[ 95%] Built target outdoorwifitest_ground
[ 96%] Built target px4_interdrone_communication
[ 98%] Built target set_uav2_mode
[100%] Built target outdoorwifitest
