Linked: (/home/mhviolentsky/catkin_ws/devel/.private/px4_command/share/px4_command/cmake/px4_commandConfig.cmake, /home/mhviolentsky/catkin_ws/devel/share/px4_command/cmake/px4_commandConfig.cmake)
Linked: (/home/mhviolentsky/catkin_ws/devel/.private/px4_command/share/px4_command/cmake/px4_command-msg-extras.cmake, /home/mhviolentsky/catkin_ws/devel/share/px4_command/cmake/px4_command-msg-extras.cmake)
Linked: (/home/mhviolentsky/catkin_ws/devel/.private/px4_command/share/px4_command/cmake/px4_command-msg-paths.cmake, /home/mhviolentsky/catkin_ws/devel/share/px4_command/cmake/px4_command-msg-paths.cmake)
Linked: (/home/mhviolentsky/catkin_ws/devel/.private/px4_command/share/px4_command/cmake/px4_commandConfig-version.cmake, /home/mhviolentsky/catkin_ws/devel/share/px4_command/cmake/px4_commandConfig-version.cmake)
Linked: (/home/mhviolentsky/catkin_ws/devel/.private/px4_command/share/gennodejs/ros/px4_command/_index.js, /home/mhviolentsky/catkin_ws/devel/share/gennodejs/ros/px4_command/_index.js)
Linked: (/home/mhviolentsky/catkin_ws/devel/.private/px4_command/share/gennodejs/ros/px4_command/msg/ControlCommand.js, /home/mhviolentsky/catkin_ws/devel/share/gennodejs/ros/px4_command/msg/ControlCommand.js)
Linked: (/home/mhviolentsky/catkin_ws/devel/.private/px4_command/share/gennodejs/ros/px4_command/msg/Topic_for_log.js, /home/mhviolentsky/catkin_ws/devel/share/gennodejs/ros/px4_command/msg/Topic_for_log.js)
Linked: (/home/mhviolentsky/catkin_ws/devel/.private/px4_command/share/gennodejs/ros/px4_command/msg/TrajectoryPoint.js, /home/mhviolentsky/catkin_ws/devel/share/gennodejs/ros/px4_command/msg/TrajectoryPoint.js)
Linked: (/home/mhviolentsky/catkin_ws/devel/.private/px4_command/share/gennodejs/ros/px4_command/msg/HomePosition.js, /home/mhviolentsky/catkin_ws/devel/share/gennodejs/ros/px4_command/msg/HomePosition.js)
Linked: (/home/mhviolentsky/catkin_ws/devel/.private/px4_command/share/gennodejs/ros/px4_command/msg/ControlOutput.js, /home/mhviolentsky/catkin_ws/devel/share/gennodejs/ros/px4_command/msg/ControlOutput.js)
Linked: (/home/mhviolentsky/catkin_ws/devel/.private/px4_command/share/gennodejs/ros/px4_command/msg/Mocap.js, /home/mhviolentsky/catkin_ws/devel/share/gennodejs/ros/px4_command/msg/Mocap.js)
Linked: (/home/mhviolentsky/catkin_ws/devel/.private/px4_command/share/gennodejs/ros/px4_command/msg/_index.js, /home/mhviolentsky/catkin_ws/devel/share/gennodejs/ros/px4_command/msg/_index.js)
Linked: (/home/mhviolentsky/catkin_ws/devel/.private/px4_command/share/gennodejs/ros/px4_command/msg/Trajectory.js, /home/mhviolentsky/catkin_ws/devel/share/gennodejs/ros/px4_command/msg/Trajectory.js)
Linked: (/home/mhviolentsky/catkin_ws/devel/.private/px4_command/share/gennodejs/ros/px4_command/msg/FleetStatus.js, /home/mhviolentsky/catkin_ws/devel/share/gennodejs/ros/px4_command/msg/FleetStatus.js)
Linked: (/home/mhviolentsky/catkin_ws/devel/.private/px4_command/share/gennodejs/ros/px4_command/msg/AttitudeReference.js, /home/mhviolentsky/catkin_ws/devel/share/gennodejs/ros/px4_command/msg/AttitudeReference.js)
Linked: (/home/mhviolentsky/catkin_ws/devel/.private/px4_command/share/gennodejs/ros/px4_command/msg/AuxiliaryState.js, /home/mhviolentsky/catkin_ws/devel/share/gennodejs/ros/px4_command/msg/AuxiliaryState.js)
Linked: (/home/mhviolentsky/catkin_ws/devel/.private/px4_command/share/gennodejs/ros/px4_command/msg/AddonForce.js, /home/mhviolentsky/catkin_ws/devel/share/gennodejs/ros/px4_command/msg/AddonForce.js)
Linked: (/home/mhviolentsky/catkin_ws/devel/.private/px4_command/share/gennodejs/ros/px4_command/msg/AuxiliaryState_singleUAV.js, /home/mhviolentsky/catkin_ws/devel/share/gennodejs/ros/px4_command/msg/AuxiliaryState_singleUAV.js)
Linked: (/home/mhviolentsky/catkin_ws/devel/.private/px4_command/share/gennodejs/ros/px4_command/msg/DroneState.js, /home/mhviolentsky/catkin_ws/devel/share/gennodejs/ros/px4_command/msg/DroneState.js)
Linked: (/home/mhviolentsky/catkin_ws/devel/.private/px4_command/share/gennodejs/ros/px4_command/msg/PayloadPoseCommand.js, /home/mhviolentsky/catkin_ws/devel/share/gennodejs/ros/px4_command/msg/PayloadPoseCommand.js)
Linked: (/home/mhviolentsky/catkin_ws/devel/.private/px4_command/share/gennodejs/ros/px4_command/srv/SinglePayloadAction.js, /home/mhviolentsky/catkin_ws/devel/share/gennodejs/ros/px4_command/srv/SinglePayloadAction.js)
Linked: (/home/mhviolentsky/catkin_ws/devel/.private/px4_command/share/gennodejs/ros/px4_command/srv/_index.js, /home/mhviolentsky/catkin_ws/devel/share/gennodejs/ros/px4_command/srv/_index.js)
Linked: (/home/mhviolentsky/catkin_ws/devel/.private/px4_command/share/gennodejs/ros/px4_command/srv/MultiPayloadAction.js, /home/mhviolentsky/catkin_ws/devel/share/gennodejs/ros/px4_command/srv/MultiPayloadAction.js)
Linked: (/home/mhviolentsky/catkin_ws/devel/.private/px4_command/share/gennodejs/ros/px4_command/srv/GeneralInfo.js, /home/mhviolentsky/catkin_ws/devel/share/gennodejs/ros/px4_command/srv/GeneralInfo.js)
Linked: (/home/mhviolentsky/catkin_ws/devel/.private/px4_command/share/gennodejs/ros/px4_command/srv/ControlParameter.js, /home/mhviolentsky/catkin_ws/devel/share/gennodejs/ros/px4_command/srv/ControlParameter.js)
Linked: (/home/mhviolentsky/catkin_ws/devel/.private/px4_command/share/gennodejs/ros/px4_command/srv/Emergency.js, /home/mhviolentsky/catkin_ws/devel/share/gennodejs/ros/px4_command/srv/Emergency.js)
Linked: (/home/mhviolentsky/catkin_ws/devel/.private/px4_command/share/gennodejs/ros/px4_command/srv/SetHome.js, /home/mhviolentsky/catkin_ws/devel/share/gennodejs/ros/px4_command/srv/SetHome.js)
Linked: (/home/mhviolentsky/catkin_ws/devel/.private/px4_command/share/roseus/ros/px4_command/manifest.l, /home/mhviolentsky/catkin_ws/devel/share/roseus/ros/px4_command/manifest.l)
Linked: (/home/mhviolentsky/catkin_ws/devel/.private/px4_command/share/roseus/ros/px4_command/msg/AuxiliaryState.l, /home/mhviolentsky/catkin_ws/devel/share/roseus/ros/px4_command/msg/AuxiliaryState.l)
Linked: (/home/mhviolentsky/catkin_ws/devel/.private/px4_command/share/roseus/ros/px4_command/msg/FleetStatus.l, /home/mhviolentsky/catkin_ws/devel/share/roseus/ros/px4_command/msg/FleetStatus.l)
Linked: (/home/mhviolentsky/catkin_ws/devel/.private/px4_command/share/roseus/ros/px4_command/msg/ControlOutput.l, /home/mhviolentsky/catkin_ws/devel/share/roseus/ros/px4_command/msg/ControlOutput.l)
Linked: (/home/mhviolentsky/catkin_ws/devel/.private/px4_command/share/roseus/ros/px4_command/msg/Mocap.l, /home/mhviolentsky/catkin_ws/devel/share/roseus/ros/px4_command/msg/Mocap.l)
Linked: (/home/mhviolentsky/catkin_ws/devel/.private/px4_command/share/roseus/ros/px4_command/msg/TrajectoryPoint.l, /home/mhviolentsky/catkin_ws/devel/share/roseus/ros/px4_command/msg/TrajectoryPoint.l)
Linked: (/home/mhviolentsky/catkin_ws/devel/.private/px4_command/share/roseus/ros/px4_command/msg/ControlCommand.l, /home/mhviolentsky/catkin_ws/devel/share/roseus/ros/px4_command/msg/ControlCommand.l)
Linked: (/home/mhviolentsky/catkin_ws/devel/.private/px4_command/share/roseus/ros/px4_command/msg/PayloadPoseCommand.l, /home/mhviolentsky/catkin_ws/devel/share/roseus/ros/px4_command/msg/PayloadPoseCommand.l)
Linked: (/home/mhviolentsky/catkin_ws/devel/.private/px4_command/share/roseus/ros/px4_command/msg/AddonForce.l, /home/mhviolentsky/catkin_ws/devel/share/roseus/ros/px4_command/msg/AddonForce.l)
Linked: (/home/mhviolentsky/catkin_ws/devel/.private/px4_command/share/roseus/ros/px4_command/msg/AttitudeReference.l, /home/mhviolentsky/catkin_ws/devel/share/roseus/ros/px4_command/msg/AttitudeReference.l)
Linked: (/home/mhviolentsky/catkin_ws/devel/.private/px4_command/share/roseus/ros/px4_command/msg/Topic_for_log.l, /home/mhviolentsky/catkin_ws/devel/share/roseus/ros/px4_command/msg/Topic_for_log.l)
Linked: (/home/mhviolentsky/catkin_ws/devel/.private/px4_command/share/roseus/ros/px4_command/msg/AuxiliaryState_singleUAV.l, /home/mhviolentsky/catkin_ws/devel/share/roseus/ros/px4_command/msg/AuxiliaryState_singleUAV.l)
Linked: (/home/mhviolentsky/catkin_ws/devel/.private/px4_command/share/roseus/ros/px4_command/msg/DroneState.l, /home/mhviolentsky/catkin_ws/devel/share/roseus/ros/px4_command/msg/DroneState.l)
Linked: (/home/mhviolentsky/catkin_ws/devel/.private/px4_command/share/roseus/ros/px4_command/msg/HomePosition.l, /home/mhviolentsky/catkin_ws/devel/share/roseus/ros/px4_command/msg/HomePosition.l)
Linked: (/home/mhviolentsky/catkin_ws/devel/.private/px4_command/share/roseus/ros/px4_command/msg/Trajectory.l, /home/mhviolentsky/catkin_ws/devel/share/roseus/ros/px4_command/msg/Trajectory.l)
Linked: (/home/mhviolentsky/catkin_ws/devel/.private/px4_command/share/roseus/ros/px4_command/srv/MultiPayloadAction.l, /home/mhviolentsky/catkin_ws/devel/share/roseus/ros/px4_command/srv/MultiPayloadAction.l)
Linked: (/home/mhviolentsky/catkin_ws/devel/.private/px4_command/share/roseus/ros/px4_command/srv/GeneralInfo.l, /home/mhviolentsky/catkin_ws/devel/share/roseus/ros/px4_command/srv/GeneralInfo.l)
Linked: (/home/mhviolentsky/catkin_ws/devel/.private/px4_command/share/roseus/ros/px4_command/srv/SinglePayloadAction.l, /home/mhviolentsky/catkin_ws/devel/share/roseus/ros/px4_command/srv/SinglePayloadAction.l)
Linked: (/home/mhviolentsky/catkin_ws/devel/.private/px4_command/share/roseus/ros/px4_command/srv/SetHome.l, /home/mhviolentsky/catkin_ws/devel/share/roseus/ros/px4_command/srv/SetHome.l)
Linked: (/home/mhviolentsky/catkin_ws/devel/.private/px4_command/share/roseus/ros/px4_command/srv/Emergency.l, /home/mhviolentsky/catkin_ws/devel/share/roseus/ros/px4_command/srv/Emergency.l)
Linked: (/home/mhviolentsky/catkin_ws/devel/.private/px4_command/share/roseus/ros/px4_command/srv/ControlParameter.l, /home/mhviolentsky/catkin_ws/devel/share/roseus/ros/px4_command/srv/ControlParameter.l)
Linked: (/home/mhviolentsky/catkin_ws/devel/.private/px4_command/share/common-lisp/ros/px4_command/msg/_package_DroneState.lisp, /home/mhviolentsky/catkin_ws/devel/share/common-lisp/ros/px4_command/msg/_package_DroneState.lisp)
Linked: (/home/mhviolentsky/catkin_ws/devel/.private/px4_command/share/common-lisp/ros/px4_command/msg/_package_ControlCommand.lisp, /home/mhviolentsky/catkin_ws/devel/share/common-lisp/ros/px4_command/msg/_package_ControlCommand.lisp)
Linked: (/home/mhviolentsky/catkin_ws/devel/.private/px4_command/share/common-lisp/ros/px4_command/msg/ControlOutput.lisp, /home/mhviolentsky/catkin_ws/devel/share/common-lisp/ros/px4_command/msg/ControlOutput.lisp)
Linked: (/home/mhviolentsky/catkin_ws/devel/.private/px4_command/share/common-lisp/ros/px4_command/msg/_package_PayloadPoseCommand.lisp, /home/mhviolentsky/catkin_ws/devel/share/common-lisp/ros/px4_command/msg/_package_PayloadPoseCommand.lisp)
Linked: (/home/mhviolentsky/catkin_ws/devel/.private/px4_command/share/common-lisp/ros/px4_command/msg/Topic_for_log.lisp, /home/mhviolentsky/catkin_ws/devel/share/common-lisp/ros/px4_command/msg/Topic_for_log.lisp)
Linked: (/home/mhviolentsky/catkin_ws/devel/.private/px4_command/share/common-lisp/ros/px4_command/msg/AttitudeReference.lisp, /home/mhviolentsky/catkin_ws/devel/share/common-lisp/ros/px4_command/msg/AttitudeReference.lisp)
Linked: (/home/mhviolentsky/catkin_ws/devel/.private/px4_command/share/common-lisp/ros/px4_command/msg/_package_AuxiliaryState_singleUAV.lisp, /home/mhviolentsky/catkin_ws/devel/share/common-lisp/ros/px4_command/msg/_package_AuxiliaryState_singleUAV.lisp)
Linked: (/home/mhviolentsky/catkin_ws/devel/.private/px4_command/share/common-lisp/ros/px4_command/msg/AuxiliaryState_singleUAV.lisp, /home/mhviolentsky/catkin_ws/devel/share/common-lisp/ros/px4_command/msg/AuxiliaryState_singleUAV.lisp)
Linked: (/home/mhviolentsky/catkin_ws/devel/.private/px4_command/share/common-lisp/ros/px4_command/msg/px4_command-msg.asd, /home/mhviolentsky/catkin_ws/devel/share/common-lisp/ros/px4_command/msg/px4_command-msg.asd)
Linked: (/home/mhviolentsky/catkin_ws/devel/.private/px4_command/share/common-lisp/ros/px4_command/msg/_package.lisp, /home/mhviolentsky/catkin_ws/devel/share/common-lisp/ros/px4_command/msg/_package.lisp)
Linked: (/home/mhviolentsky/catkin_ws/devel/.private/px4_command/share/common-lisp/ros/px4_command/msg/_package_Trajectory.lisp, /home/mhviolentsky/catkin_ws/devel/share/common-lisp/ros/px4_command/msg/_package_Trajectory.lisp)
Linked: (/home/mhviolentsky/catkin_ws/devel/.private/px4_command/share/common-lisp/ros/px4_command/msg/_package_FleetStatus.lisp, /home/mhviolentsky/catkin_ws/devel/share/common-lisp/ros/px4_command/msg/_package_FleetStatus.lisp)
Linked: (/home/mhviolentsky/catkin_ws/devel/.private/px4_command/share/common-lisp/ros/px4_command/msg/_package_AuxiliaryState.lisp, /home/mhviolentsky/catkin_ws/devel/share/common-lisp/ros/px4_command/msg/_package_AuxiliaryState.lisp)
Linked: (/home/mhviolentsky/catkin_ws/devel/.private/px4_command/share/common-lisp/ros/px4_command/msg/HomePosition.lisp, /home/mhviolentsky/catkin_ws/devel/share/common-lisp/ros/px4_command/msg/HomePosition.lisp)
Linked: (/home/mhviolentsky/catkin_ws/devel/.private/px4_command/share/common-lisp/ros/px4_command/msg/_package_Mocap.lisp, /home/mhviolentsky/catkin_ws/devel/share/common-lisp/ros/px4_command/msg/_package_Mocap.lisp)
Linked: (/home/mhviolentsky/catkin_ws/devel/.private/px4_command/share/common-lisp/ros/px4_command/msg/_package_Topic_for_log.lisp, /home/mhviolentsky/catkin_ws/devel/share/common-lisp/ros/px4_command/msg/_package_Topic_for_log.lisp)
Linked: (/home/mhviolentsky/catkin_ws/devel/.private/px4_command/share/common-lisp/ros/px4_command/msg/Trajectory.lisp, /home/mhviolentsky/catkin_ws/devel/share/common-lisp/ros/px4_command/msg/Trajectory.lisp)
Linked: (/home/mhviolentsky/catkin_ws/devel/.private/px4_command/share/common-lisp/ros/px4_command/msg/DroneState.lisp, /home/mhviolentsky/catkin_ws/devel/share/common-lisp/ros/px4_command/msg/DroneState.lisp)
Linked: (/home/mhviolentsky/catkin_ws/devel/.private/px4_command/share/common-lisp/ros/px4_command/msg/ControlCommand.lisp, /home/mhviolentsky/catkin_ws/devel/share/common-lisp/ros/px4_command/msg/ControlCommand.lisp)
Linked: (/home/mhviolentsky/catkin_ws/devel/.private/px4_command/share/common-lisp/ros/px4_command/msg/AuxiliaryState.lisp, /home/mhviolentsky/catkin_ws/devel/share/common-lisp/ros/px4_command/msg/AuxiliaryState.lisp)
Linked: (/home/mhviolentsky/catkin_ws/devel/.private/px4_command/share/common-lisp/ros/px4_command/msg/_package_HomePosition.lisp, /home/mhviolentsky/catkin_ws/devel/share/common-lisp/ros/px4_command/msg/_package_HomePosition.lisp)
Linked: (/home/mhviolentsky/catkin_ws/devel/.private/px4_command/share/common-lisp/ros/px4_command/msg/_package_ControlOutput.lisp, /home/mhviolentsky/catkin_ws/devel/share/common-lisp/ros/px4_command/msg/_package_ControlOutput.lisp)
Linked: (/home/mhviolentsky/catkin_ws/devel/.private/px4_command/share/common-lisp/ros/px4_command/msg/_package_AddonForce.lisp, /home/mhviolentsky/catkin_ws/devel/share/common-lisp/ros/px4_command/msg/_package_AddonForce.lisp)
Linked: (/home/mhviolentsky/catkin_ws/devel/.private/px4_command/share/common-lisp/ros/px4_command/msg/AddonForce.lisp, /home/mhviolentsky/catkin_ws/devel/share/common-lisp/ros/px4_command/msg/AddonForce.lisp)
Linked: (/home/mhviolentsky/catkin_ws/devel/.private/px4_command/share/common-lisp/ros/px4_command/msg/_package_AttitudeReference.lisp, /home/mhviolentsky/catkin_ws/devel/share/common-lisp/ros/px4_command/msg/_package_AttitudeReference.lisp)
Linked: (/home/mhviolentsky/catkin_ws/devel/.private/px4_command/share/common-lisp/ros/px4_command/msg/_package_TrajectoryPoint.lisp, /home/mhviolentsky/catkin_ws/devel/share/common-lisp/ros/px4_command/msg/_package_TrajectoryPoint.lisp)
Linked: (/home/mhviolentsky/catkin_ws/devel/.private/px4_command/share/common-lisp/ros/px4_command/msg/FleetStatus.lisp, /home/mhviolentsky/catkin_ws/devel/share/common-lisp/ros/px4_command/msg/FleetStatus.lisp)
Linked: (/home/mhviolentsky/catkin_ws/devel/.private/px4_command/share/common-lisp/ros/px4_command/msg/PayloadPoseCommand.lisp, /home/mhviolentsky/catkin_ws/devel/share/common-lisp/ros/px4_command/msg/PayloadPoseCommand.lisp)
Linked: (/home/mhviolentsky/catkin_ws/devel/.private/px4_command/share/common-lisp/ros/px4_command/msg/TrajectoryPoint.lisp, /home/mhviolentsky/catkin_ws/devel/share/common-lisp/ros/px4_command/msg/TrajectoryPoint.lisp)
Linked: (/home/mhviolentsky/catkin_ws/devel/.private/px4_command/share/common-lisp/ros/px4_command/msg/Mocap.lisp, /home/mhviolentsky/catkin_ws/devel/share/common-lisp/ros/px4_command/msg/Mocap.lisp)
Linked: (/home/mhviolentsky/catkin_ws/devel/.private/px4_command/share/common-lisp/ros/px4_command/srv/SetHome.lisp, /home/mhviolentsky/catkin_ws/devel/share/common-lisp/ros/px4_command/srv/SetHome.lisp)
Linked: (/home/mhviolentsky/catkin_ws/devel/.private/px4_command/share/common-lisp/ros/px4_command/srv/px4_command-srv.asd, /home/mhviolentsky/catkin_ws/devel/share/common-lisp/ros/px4_command/srv/px4_command-srv.asd)
Linked: (/home/mhviolentsky/catkin_ws/devel/.private/px4_command/share/common-lisp/ros/px4_command/srv/ControlParameter.lisp, /home/mhviolentsky/catkin_ws/devel/share/common-lisp/ros/px4_command/srv/ControlParameter.lisp)
Linked: (/home/mhviolentsky/catkin_ws/devel/.private/px4_command/share/common-lisp/ros/px4_command/srv/_package.lisp, /home/mhviolentsky/catkin_ws/devel/share/common-lisp/ros/px4_command/srv/_package.lisp)
Linked: (/home/mhviolentsky/catkin_ws/devel/.private/px4_command/share/common-lisp/ros/px4_command/srv/GeneralInfo.lisp, /home/mhviolentsky/catkin_ws/devel/share/common-lisp/ros/px4_command/srv/GeneralInfo.lisp)
Linked: (/home/mhviolentsky/catkin_ws/devel/.private/px4_command/share/common-lisp/ros/px4_command/srv/SinglePayloadAction.lisp, /home/mhviolentsky/catkin_ws/devel/share/common-lisp/ros/px4_command/srv/SinglePayloadAction.lisp)
Linked: (/home/mhviolentsky/catkin_ws/devel/.private/px4_command/share/common-lisp/ros/px4_command/srv/_package_Emergency.lisp, /home/mhviolentsky/catkin_ws/devel/share/common-lisp/ros/px4_command/srv/_package_Emergency.lisp)
Linked: (/home/mhviolentsky/catkin_ws/devel/.private/px4_command/share/common-lisp/ros/px4_command/srv/_package_SetHome.lisp, /home/mhviolentsky/catkin_ws/devel/share/common-lisp/ros/px4_command/srv/_package_SetHome.lisp)
Linked: (/home/mhviolentsky/catkin_ws/devel/.private/px4_command/share/common-lisp/ros/px4_command/srv/_package_GeneralInfo.lisp, /home/mhviolentsky/catkin_ws/devel/share/common-lisp/ros/px4_command/srv/_package_GeneralInfo.lisp)
Linked: (/home/mhviolentsky/catkin_ws/devel/.private/px4_command/share/common-lisp/ros/px4_command/srv/_package_MultiPayloadAction.lisp, /home/mhviolentsky/catkin_ws/devel/share/common-lisp/ros/px4_command/srv/_package_MultiPayloadAction.lisp)
Linked: (/home/mhviolentsky/catkin_ws/devel/.private/px4_command/share/common-lisp/ros/px4_command/srv/_package_SinglePayloadAction.lisp, /home/mhviolentsky/catkin_ws/devel/share/common-lisp/ros/px4_command/srv/_package_SinglePayloadAction.lisp)
Linked: (/home/mhviolentsky/catkin_ws/devel/.private/px4_command/share/common-lisp/ros/px4_command/srv/MultiPayloadAction.lisp, /home/mhviolentsky/catkin_ws/devel/share/common-lisp/ros/px4_command/srv/MultiPayloadAction.lisp)
Linked: (/home/mhviolentsky/catkin_ws/devel/.private/px4_command/share/common-lisp/ros/px4_command/srv/_package_ControlParameter.lisp, /home/mhviolentsky/catkin_ws/devel/share/common-lisp/ros/px4_command/srv/_package_ControlParameter.lisp)
Linked: (/home/mhviolentsky/catkin_ws/devel/.private/px4_command/share/common-lisp/ros/px4_command/srv/Emergency.lisp, /home/mhviolentsky/catkin_ws/devel/share/common-lisp/ros/px4_command/srv/Emergency.lisp)
Linked: (/home/mhviolentsky/catkin_ws/devel/.private/px4_command/include/px4_command/PayloadPoseCommand.h, /home/mhviolentsky/catkin_ws/devel/include/px4_command/PayloadPoseCommand.h)
Linked: (/home/mhviolentsky/catkin_ws/devel/.private/px4_command/include/px4_command/SinglePayloadActionRequest.h, /home/mhviolentsky/catkin_ws/devel/include/px4_command/SinglePayloadActionRequest.h)
Linked: (/home/mhviolentsky/catkin_ws/devel/.private/px4_command/include/px4_command/ControlParameter.h, /home/mhviolentsky/catkin_ws/devel/include/px4_command/ControlParameter.h)
Linked: (/home/mhviolentsky/catkin_ws/devel/.private/px4_command/include/px4_command/SetHomeRequest.h, /home/mhviolentsky/catkin_ws/devel/include/px4_command/SetHomeRequest.h)
Linked: (/home/mhviolentsky/catkin_ws/devel/.private/px4_command/include/px4_command/MultiPayloadActionResponse.h, /home/mhviolentsky/catkin_ws/devel/include/px4_command/MultiPayloadActionResponse.h)
Linked: (/home/mhviolentsky/catkin_ws/devel/.private/px4_command/include/px4_command/Emergency.h, /home/mhviolentsky/catkin_ws/devel/include/px4_command/Emergency.h)
Linked: (/home/mhviolentsky/catkin_ws/devel/.private/px4_command/include/px4_command/GeneralInfo.h, /home/mhviolentsky/catkin_ws/devel/include/px4_command/GeneralInfo.h)
Linked: (/home/mhviolentsky/catkin_ws/devel/.private/px4_command/include/px4_command/AddonForce.h, /home/mhviolentsky/catkin_ws/devel/include/px4_command/AddonForce.h)
Linked: (/home/mhviolentsky/catkin_ws/devel/.private/px4_command/include/px4_command/SetHome.h, /home/mhviolentsky/catkin_ws/devel/include/px4_command/SetHome.h)
Linked: (/home/mhviolentsky/catkin_ws/devel/.private/px4_command/include/px4_command/ControlOutput.h, /home/mhviolentsky/catkin_ws/devel/include/px4_command/ControlOutput.h)
Linked: (/home/mhviolentsky/catkin_ws/devel/.private/px4_command/include/px4_command/FleetStatus.h, /home/mhviolentsky/catkin_ws/devel/include/px4_command/FleetStatus.h)
Linked: (/home/mhviolentsky/catkin_ws/devel/.private/px4_command/include/px4_command/Topic_for_log.h, /home/mhviolentsky/catkin_ws/devel/include/px4_command/Topic_for_log.h)
Linked: (/home/mhviolentsky/catkin_ws/devel/.private/px4_command/include/px4_command/HomePosition.h, /home/mhviolentsky/catkin_ws/devel/include/px4_command/HomePosition.h)
Linked: (/home/mhviolentsky/catkin_ws/devel/.private/px4_command/include/px4_command/MultiPayloadActionRequest.h, /home/mhviolentsky/catkin_ws/devel/include/px4_command/MultiPayloadActionRequest.h)
Linked: (/home/mhviolentsky/catkin_ws/devel/.private/px4_command/include/px4_command/Mocap.h, /home/mhviolentsky/catkin_ws/devel/include/px4_command/Mocap.h)
Linked: (/home/mhviolentsky/catkin_ws/devel/.private/px4_command/include/px4_command/DroneState.h, /home/mhviolentsky/catkin_ws/devel/include/px4_command/DroneState.h)
Linked: (/home/mhviolentsky/catkin_ws/devel/.private/px4_command/include/px4_command/SetHomeResponse.h, /home/mhviolentsky/catkin_ws/devel/include/px4_command/SetHomeResponse.h)
Linked: (/home/mhviolentsky/catkin_ws/devel/.private/px4_command/include/px4_command/SinglePayloadAction.h, /home/mhviolentsky/catkin_ws/devel/include/px4_command/SinglePayloadAction.h)
Linked: (/home/mhviolentsky/catkin_ws/devel/.private/px4_command/include/px4_command/EmergencyRequest.h, /home/mhviolentsky/catkin_ws/devel/include/px4_command/EmergencyRequest.h)
Linked: (/home/mhviolentsky/catkin_ws/devel/.private/px4_command/include/px4_command/ControlParameterResponse.h, /home/mhviolentsky/catkin_ws/devel/include/px4_command/ControlParameterResponse.h)
Linked: (/home/mhviolentsky/catkin_ws/devel/.private/px4_command/include/px4_command/ControlParameterRequest.h, /home/mhviolentsky/catkin_ws/devel/include/px4_command/ControlParameterRequest.h)
Linked: (/home/mhviolentsky/catkin_ws/devel/.private/px4_command/include/px4_command/GeneralInfoResponse.h, /home/mhviolentsky/catkin_ws/devel/include/px4_command/GeneralInfoResponse.h)
Linked: (/home/mhviolentsky/catkin_ws/devel/.private/px4_command/include/px4_command/ControlCommand.h, /home/mhviolentsky/catkin_ws/devel/include/px4_command/ControlCommand.h)
Linked: (/home/mhviolentsky/catkin_ws/devel/.private/px4_command/include/px4_command/SinglePayloadActionResponse.h, /home/mhviolentsky/catkin_ws/devel/include/px4_command/SinglePayloadActionResponse.h)
Linked: (/home/mhviolentsky/catkin_ws/devel/.private/px4_command/include/px4_command/Trajectory.h, /home/mhviolentsky/catkin_ws/devel/include/px4_command/Trajectory.h)
Linked: (/home/mhviolentsky/catkin_ws/devel/.private/px4_command/include/px4_command/AuxiliaryState.h, /home/mhviolentsky/catkin_ws/devel/include/px4_command/AuxiliaryState.h)
Linked: (/home/mhviolentsky/catkin_ws/devel/.private/px4_command/include/px4_command/AuxiliaryState_singleUAV.h, /home/mhviolentsky/catkin_ws/devel/include/px4_command/AuxiliaryState_singleUAV.h)
Linked: (/home/mhviolentsky/catkin_ws/devel/.private/px4_command/include/px4_command/EmergencyResponse.h, /home/mhviolentsky/catkin_ws/devel/include/px4_command/EmergencyResponse.h)
Linked: (/home/mhviolentsky/catkin_ws/devel/.private/px4_command/include/px4_command/TrajectoryPoint.h, /home/mhviolentsky/catkin_ws/devel/include/px4_command/TrajectoryPoint.h)
Linked: (/home/mhviolentsky/catkin_ws/devel/.private/px4_command/include/px4_command/GeneralInfoRequest.h, /home/mhviolentsky/catkin_ws/devel/include/px4_command/GeneralInfoRequest.h)
Linked: (/home/mhviolentsky/catkin_ws/devel/.private/px4_command/include/px4_command/AttitudeReference.h, /home/mhviolentsky/catkin_ws/devel/include/px4_command/AttitudeReference.h)
Linked: (/home/mhviolentsky/catkin_ws/devel/.private/px4_command/include/px4_command/MultiPayloadAction.h, /home/mhviolentsky/catkin_ws/devel/include/px4_command/MultiPayloadAction.h)
Linked: (/home/mhviolentsky/catkin_ws/devel/.private/px4_command/lib/px4_command/outdoorwifitest, /home/mhviolentsky/catkin_ws/devel/lib/px4_command/outdoorwifitest)
Linked: (/home/mhviolentsky/catkin_ws/devel/.private/px4_command/lib/px4_command/set_uav1_mode, /home/mhviolentsky/catkin_ws/devel/lib/px4_command/set_uav1_mode)
Linked: (/home/mhviolentsky/catkin_ws/devel/.private/px4_command/lib/px4_command/px4_interdrone_communication, /home/mhviolentsky/catkin_ws/devel/lib/px4_command/px4_interdrone_communication)
Linked: (/home/mhviolentsky/catkin_ws/devel/.private/px4_command/lib/px4_command/set_uav2_mode, /home/mhviolentsky/catkin_ws/devel/lib/px4_command/set_uav2_mode)
Linked: (/home/mhviolentsky/catkin_ws/devel/.private/px4_command/lib/px4_command/px4_multidrone_pos_estimator_pure_vision, /home/mhviolentsky/catkin_ws/devel/lib/px4_command/px4_multidrone_pos_estimator_pure_vision)
Linked: (/home/mhviolentsky/catkin_ws/devel/.private/px4_command/lib/px4_command/px4_multidrone_pos_estimator, /home/mhviolentsky/catkin_ws/devel/lib/px4_command/px4_multidrone_pos_estimator)
Linked: (/home/mhviolentsky/catkin_ws/devel/.private/px4_command/lib/px4_command/px4_multidrone_pos_estimator_outdoor, /home/mhviolentsky/catkin_ws/devel/lib/px4_command/px4_multidrone_pos_estimator_outdoor)
Linked: (/home/mhviolentsky/catkin_ws/devel/.private/px4_command/lib/px4_command/outdoorwifitest_ground, /home/mhviolentsky/catkin_ws/devel/lib/px4_command/outdoorwifitest_ground)
Linked: (/home/mhviolentsky/catkin_ws/devel/.private/px4_command/lib/px4_command/set_uav0_mode, /home/mhviolentsky/catkin_ws/devel/lib/px4_command/set_uav0_mode)
Linked: (/home/mhviolentsky/catkin_ws/devel/.private/px4_command/lib/px4_command/px4_multidrone_pos_controller, /home/mhviolentsky/catkin_ws/devel/lib/px4_command/px4_multidrone_pos_controller)
Linked: (/home/mhviolentsky/catkin_ws/devel/.private/px4_command/lib/python2.7/dist-packages/px4_command/__init__.py, /home/mhviolentsky/catkin_ws/devel/lib/python2.7/dist-packages/px4_command/__init__.py)
Linked: (/home/mhviolentsky/catkin_ws/devel/.private/px4_command/lib/python2.7/dist-packages/px4_command/msg/_AttitudeReference.py, /home/mhviolentsky/catkin_ws/devel/lib/python2.7/dist-packages/px4_command/msg/_AttitudeReference.py)
Linked: (/home/mhviolentsky/catkin_ws/devel/.private/px4_command/lib/python2.7/dist-packages/px4_command/msg/_DroneState.py, /home/mhviolentsky/catkin_ws/devel/lib/python2.7/dist-packages/px4_command/msg/_DroneState.py)
Linked: (/home/mhviolentsky/catkin_ws/devel/.private/px4_command/lib/python2.7/dist-packages/px4_command/msg/_FleetStatus.py, /home/mhviolentsky/catkin_ws/devel/lib/python2.7/dist-packages/px4_command/msg/_FleetStatus.py)
Linked: (/home/mhviolentsky/catkin_ws/devel/.private/px4_command/lib/python2.7/dist-packages/px4_command/msg/_Trajectory.py, /home/mhviolentsky/catkin_ws/devel/lib/python2.7/dist-packages/px4_command/msg/_Trajectory.py)
Linked: (/home/mhviolentsky/catkin_ws/devel/.private/px4_command/lib/python2.7/dist-packages/px4_command/msg/_Mocap.py, /home/mhviolentsky/catkin_ws/devel/lib/python2.7/dist-packages/px4_command/msg/_Mocap.py)
Linked: (/home/mhviolentsky/catkin_ws/devel/.private/px4_command/lib/python2.7/dist-packages/px4_command/msg/_Topic_for_log.py, /home/mhviolentsky/catkin_ws/devel/lib/python2.7/dist-packages/px4_command/msg/_Topic_for_log.py)
Linked: (/home/mhviolentsky/catkin_ws/devel/.private/px4_command/lib/python2.7/dist-packages/px4_command/msg/_ControlOutput.py, /home/mhviolentsky/catkin_ws/devel/lib/python2.7/dist-packages/px4_command/msg/_ControlOutput.py)
Linked: (/home/mhviolentsky/catkin_ws/devel/.private/px4_command/lib/python2.7/dist-packages/px4_command/msg/_AddonForce.py, /home/mhviolentsky/catkin_ws/devel/lib/python2.7/dist-packages/px4_command/msg/_AddonForce.py)
Linked: (/home/mhviolentsky/catkin_ws/devel/.private/px4_command/lib/python2.7/dist-packages/px4_command/msg/_ControlCommand.py, /home/mhviolentsky/catkin_ws/devel/lib/python2.7/dist-packages/px4_command/msg/_ControlCommand.py)
Linked: (/home/mhviolentsky/catkin_ws/devel/.private/px4_command/lib/python2.7/dist-packages/px4_command/msg/_TrajectoryPoint.py, /home/mhviolentsky/catkin_ws/devel/lib/python2.7/dist-packages/px4_command/msg/_TrajectoryPoint.py)
Linked: (/home/mhviolentsky/catkin_ws/devel/.private/px4_command/lib/python2.7/dist-packages/px4_command/msg/_PayloadPoseCommand.py, /home/mhviolentsky/catkin_ws/devel/lib/python2.7/dist-packages/px4_command/msg/_PayloadPoseCommand.py)
Linked: (/home/mhviolentsky/catkin_ws/devel/.private/px4_command/lib/python2.7/dist-packages/px4_command/msg/_AuxiliaryState.py, /home/mhviolentsky/catkin_ws/devel/lib/python2.7/dist-packages/px4_command/msg/_AuxiliaryState.py)
Linked: (/home/mhviolentsky/catkin_ws/devel/.private/px4_command/lib/python2.7/dist-packages/px4_command/msg/_AuxiliaryState_singleUAV.py, /home/mhviolentsky/catkin_ws/devel/lib/python2.7/dist-packages/px4_command/msg/_AuxiliaryState_singleUAV.py)
Linked: (/home/mhviolentsky/catkin_ws/devel/.private/px4_command/lib/python2.7/dist-packages/px4_command/msg/__init__.py, /home/mhviolentsky/catkin_ws/devel/lib/python2.7/dist-packages/px4_command/msg/__init__.py)
Linked: (/home/mhviolentsky/catkin_ws/devel/.private/px4_command/lib/python2.7/dist-packages/px4_command/msg/_HomePosition.py, /home/mhviolentsky/catkin_ws/devel/lib/python2.7/dist-packages/px4_command/msg/_HomePosition.py)
Linked: (/home/mhviolentsky/catkin_ws/devel/.private/px4_command/lib/python2.7/dist-packages/px4_command/srv/_MultiPayloadAction.py, /home/mhviolentsky/catkin_ws/devel/lib/python2.7/dist-packages/px4_command/srv/_MultiPayloadAction.py)
Linked: (/home/mhviolentsky/catkin_ws/devel/.private/px4_command/lib/python2.7/dist-packages/px4_command/srv/_ControlParameter.py, /home/mhviolentsky/catkin_ws/devel/lib/python2.7/dist-packages/px4_command/srv/_ControlParameter.py)
Linked: (/home/mhviolentsky/catkin_ws/devel/.private/px4_command/lib/python2.7/dist-packages/px4_command/srv/_Emergency.py, /home/mhviolentsky/catkin_ws/devel/lib/python2.7/dist-packages/px4_command/srv/_Emergency.py)
Linked: (/home/mhviolentsky/catkin_ws/devel/.private/px4_command/lib/python2.7/dist-packages/px4_command/srv/_SinglePayloadAction.py, /home/mhviolentsky/catkin_ws/devel/lib/python2.7/dist-packages/px4_command/srv/_SinglePayloadAction.py)
Linked: (/home/mhviolentsky/catkin_ws/devel/.private/px4_command/lib/python2.7/dist-packages/px4_command/srv/_GeneralInfo.py, /home/mhviolentsky/catkin_ws/devel/lib/python2.7/dist-packages/px4_command/srv/_GeneralInfo.py)
Linked: (/home/mhviolentsky/catkin_ws/devel/.private/px4_command/lib/python2.7/dist-packages/px4_command/srv/_SetHome.py, /home/mhviolentsky/catkin_ws/devel/lib/python2.7/dist-packages/px4_command/srv/_SetHome.py)
Linked: (/home/mhviolentsky/catkin_ws/devel/.private/px4_command/lib/python2.7/dist-packages/px4_command/srv/__init__.py, /home/mhviolentsky/catkin_ws/devel/lib/python2.7/dist-packages/px4_command/srv/__init__.py)
Linked: (/home/mhviolentsky/catkin_ws/devel/.private/px4_command/lib/pkgconfig/px4_command.pc, /home/mhviolentsky/catkin_ws/devel/lib/pkgconfig/px4_command.pc)
