Determining if the pthread_create exist failed with the following output:
Change Dir: /home/mhviolentsky/catkin_ws/build/mavros_extras/CMakeFiles/CMakeTmp

Run Build Command:"/usr/bin/make" "cmTC_58481/fast"
/usr/bin/make -f CMakeFiles/cmTC_58481.dir/build.make CMakeFiles/cmTC_58481.dir/build
make[1]: Entering directory '/home/mhviolentsky/catkin_ws/build/mavros_extras/CMakeFiles/CMakeTmp'
Building C object CMakeFiles/cmTC_58481.dir/CheckSymbolExists.c.o
/usr/bin/cc    -o CMakeFiles/cmTC_58481.dir/CheckSymbolExists.c.o   -c /home/mhviolentsky/catkin_ws/build/mavros_extras/CMakeFiles/CMakeTmp/CheckSymbolExists.c
Linking C executable cmTC_58481
/usr/bin/cmake -E cmake_link_script CMakeFiles/cmTC_58481.dir/link.txt --verbose=1
/usr/bin/cc      -rdynamic CMakeFiles/cmTC_58481.dir/CheckSymbolExists.c.o  -o cmTC_58481 
CMakeFiles/cmTC_58481.dir/CheckSymbolExists.c.o: In function `main':
CheckSymbolExists.c:(.text+0x1b): undefined reference to `pthread_create'
collect2: error: ld returned 1 exit status
CMakeFiles/cmTC_58481.dir/build.make:97: recipe for target 'cmTC_58481' failed
make[1]: *** [cmTC_58481] Error 1
make[1]: Leaving directory '/home/mhviolentsky/catkin_ws/build/mavros_extras/CMakeFiles/CMakeTmp'
Makefile:126: recipe for target 'cmTC_58481/fast' failed
make: *** [cmTC_58481/fast] Error 2

File /home/mhviolentsky/catkin_ws/build/mavros_extras/CMakeFiles/CMakeTmp/CheckSymbolExists.c:
/* */
#include <pthread.h>

int main(int argc, char** argv)
{
  (void)argv;
#ifndef pthread_create
  return ((int*)(&pthread_create))[argc];
#else
  (void)argc;
  return 0;
#endif
}

Determining if the function pthread_create exists in the pthreads failed with the following output:
Change Dir: /home/mhviolentsky/catkin_ws/build/mavros_extras/CMakeFiles/CMakeTmp

Run Build Command:"/usr/bin/make" "cmTC_b2f11/fast"
/usr/bin/make -f CMakeFiles/cmTC_b2f11.dir/build.make CMakeFiles/cmTC_b2f11.dir/build
make[1]: Entering directory '/home/mhviolentsky/catkin_ws/build/mavros_extras/CMakeFiles/CMakeTmp'
Building C object CMakeFiles/cmTC_b2f11.dir/CheckFunctionExists.c.o
/usr/bin/cc   -DCHECK_FUNCTION_EXISTS=pthread_create   -o CMakeFiles/cmTC_b2f11.dir/CheckFunctionExists.c.o   -c /usr/share/cmake-3.10/Modules/CheckFunctionExists.c
Linking C executable cmTC_b2f11
/usr/bin/cmake -E cmake_link_script CMakeFiles/cmTC_b2f11.dir/link.txt --verbose=1
/usr/bin/cc  -DCHECK_FUNCTION_EXISTS=pthread_create    -rdynamic CMakeFiles/cmTC_b2f11.dir/CheckFunctionExists.c.o  -o cmTC_b2f11 -lpthreads 
/usr/bin/ld: cannot find -lpthreads
collect2: error: ld returned 1 exit status
CMakeFiles/cmTC_b2f11.dir/build.make:97: recipe for target 'cmTC_b2f11' failed
make[1]: *** [cmTC_b2f11] Error 1
make[1]: Leaving directory '/home/mhviolentsky/catkin_ws/build/mavros_extras/CMakeFiles/CMakeTmp'
Makefile:126: recipe for target 'cmTC_b2f11/fast' failed
make: *** [cmTC_b2f11/fast] Error 2


