[  0%] Built target visualization_msgs_generate_messages_nodejs
[  0%] Built target tf_generate_messages_nodejs
[  0%] Built target tf_generate_messages_py
[  0%] Built target visualization_msgs_generate_messages_eus
[  0%] Built target diagnostic_msgs_generate_messages_py
[  0%] Built target tf_generate_messages_lisp
[  0%] Built target visualization_msgs_generate_messages_py
[  3%] [32m[1mLinking CXX executable /home/mhviolentsky/catkin_ws/devel/.private/mavros_extras/lib/mavros_extras/visualization[0m
[  3%] Built target uuid_msgs_generate_messages_eus
[  3%] Built target rosgraph_msgs_generate_messages_eus
[  3%] Built target rosgraph_msgs_generate_messages_lisp
[  3%] Built target geographic_msgs_generate_messages_lisp
[  3%] Built target rosgraph_msgs_generate_messages_cpp
[  3%] Built target geographic_msgs_generate_messages_eus
[  3%] Built target rosgraph_msgs_generate_messages_nodejs
[  3%] Built target geometry_msgs_generate_messages_eus
[  3%] Built target diagnostic_msgs_generate_messages_nodejs
[  3%] Built target geographic_msgs_generate_messages_nodejs
[  3%] Built target geographic_msgs_generate_messages_cpp
[  3%] Built target mavros_msgs_generate_messages_nodejs
[  3%] Built target diagnostic_msgs_generate_messages_lisp
[  3%] Built target geometry_msgs_generate_messages_lisp
[  3%] Built target std_msgs_generate_messages_cpp
[  3%] Built target uuid_msgs_generate_messages_lisp
[  3%] Built target actionlib_msgs_generate_messages_nodejs
[  3%] Built target nav_msgs_generate_messages_nodejs
[  3%] Built target roscpp_generate_messages_lisp
[  3%] Built target trajectory_msgs_generate_messages_eus
[  3%] Built target roscpp_generate_messages_py
[  3%] Built target std_msgs_generate_messages_eus
[  3%] Built target geographic_msgs_generate_messages_py
[  3%] Built target roscpp_generate_messages_cpp
[  3%] Built target trajectory_msgs_generate_messages_py
[  3%] Built target visualization_msgs_generate_messages_lisp
[  3%] Built target sensor_msgs_generate_messages_nodejs
[  3%] Built target actionlib_generate_messages_cpp
[  3%] Built target geometry_msgs_generate_messages_nodejs
[  3%] Built target std_msgs_generate_messages_lisp
[  3%] Built target geometry_msgs_generate_messages_py
[  3%] Built target roscpp_generate_messages_nodejs
[  3%] Built target uuid_msgs_generate_messages_cpp
[  3%] Built target std_msgs_generate_messages_py
[  3%] Built target std_msgs_generate_messages_nodejs
[  3%] Built target uuid_msgs_generate_messages_py
[  3%] Built target diagnostic_msgs_generate_messages_eus
[  3%] Built target uuid_msgs_generate_messages_nodejs
[  3%] Built target actionlib_msgs_generate_messages_lisp
[  3%] Built target trajectory_msgs_generate_messages_cpp
[  3%] Built target mavros_msgs_generate_messages_cpp
[  3%] Built target mavros_msgs_generate_messages_eus
[  3%] Built target sensor_msgs_generate_messages_lisp
[  3%] Built target mavros_msgs_generate_messages_py
[  3%] Built target nav_msgs_generate_messages_cpp
[  3%] Built target mavros_msgs_generate_messages_lisp
[  3%] Built target sensor_msgs_generate_messages_cpp
[  3%] Built target sensor_msgs_generate_messages_eus
[  3%] Built target sensor_msgs_generate_messages_py
[  3%] Built target nav_msgs_generate_messages_lisp
[  3%] Built target roscpp_generate_messages_eus
[  3%] Built target rosgraph_msgs_generate_messages_py
[  6%] Built target visualization
[  6%] Built target actionlib_msgs_generate_messages_py
[  6%] Built target actionlib_msgs_generate_messages_eus
[  6%] Built target actionlib_generate_messages_eus
[  6%] Built target diagnostic_msgs_generate_messages_cpp
[  6%] Built target geometry_msgs_generate_messages_cpp
[  6%] Built target tf2_msgs_generate_messages_cpp
[  6%] Built target actionlib_generate_messages_lisp
[  6%] Built target visualization_msgs_generate_messages_cpp
[  6%] Built target nav_msgs_generate_messages_eus
[  6%] Built target tf2_msgs_generate_messages_eus
[  6%] Built target tf2_msgs_generate_messages_lisp
[  6%] Built target nav_msgs_generate_messages_py
[  6%] Built target actionlib_generate_messages_py
[  6%] Built target tf2_msgs_generate_messages_nodejs
[  6%] Built target tf2_msgs_generate_messages_py
[  6%] Built target trajectory_msgs_generate_messages_lisp
[  6%] Built target trajectory_msgs_generate_messages_nodejs
[  6%] Built target actionlib_generate_messages_nodejs
[  6%] Built target actionlib_msgs_generate_messages_cpp
[  6%] Built target tf_generate_messages_cpp
[  6%] Built target tf_generate_messages_eus
[  9%] [32m[1mLinking CXX executable /home/mhviolentsky/catkin_ws/devel/.private/mavros_extras/lib/mavros_extras/servo_state_publisher[0m
[35m[1mScanning dependencies of target mavros_extras[0m
[ 12%] Built target servo_state_publisher
[ 15%] [32mBuilding CXX object CMakeFiles/mavros_extras.dir/src/plugins/cam_imu_sync.cpp.o[0m
[ 18%] [32mBuilding CXX object CMakeFiles/mavros_extras.dir/src/plugins/adsb.cpp.o[0m
[ 21%] [32mBuilding CXX object CMakeFiles/mavros_extras.dir/src/plugins/companion_process_status.cpp.o[0m
[ 24%] [32mBuilding CXX object CMakeFiles/mavros_extras.dir/src/plugins/onboard_computer_status.cpp.o[0m
[ 27%] [32mBuilding CXX object CMakeFiles/mavros_extras.dir/src/plugins/debug_value.cpp.o[0m
[ 33%] [32mBuilding CXX object CMakeFiles/mavros_extras.dir/src/plugins/esc_status.cpp.o[0m
[ 33%] [32mBuilding CXX object CMakeFiles/mavros_extras.dir/src/plugins/distance_sensor.cpp.o[0m
[ 36%] [32mBuilding CXX object CMakeFiles/mavros_extras.dir/src/plugins/esc_telemetry.cpp.o[0m
[ 39%] [32mBuilding CXX object CMakeFiles/mavros_extras.dir/src/plugins/fake_gps.cpp.o[0m
[ 42%] [32mBuilding CXX object CMakeFiles/mavros_extras.dir/src/plugins/gps_input.cpp.o[0m
[ 45%] [32mBuilding CXX object CMakeFiles/mavros_extras.dir/src/plugins/gps_rtk.cpp.o[0m
[ 48%] [32mBuilding CXX object CMakeFiles/mavros_extras.dir/src/plugins/gps_status.cpp.o[0m
[ 51%] [32mBuilding CXX object CMakeFiles/mavros_extras.dir/src/plugins/landing_target.cpp.o[0m
[ 54%] [32mBuilding CXX object CMakeFiles/mavros_extras.dir/src/plugins/log_transfer.cpp.o[0m
[ 57%] [32mBuilding CXX object CMakeFiles/mavros_extras.dir/src/plugins/mag_calibration_status.cpp.o[0m
[ 60%] [32mBuilding CXX object CMakeFiles/mavros_extras.dir/src/plugins/mocap_pose_estimate.cpp.o[0m
[ 63%] [32mBuilding CXX object CMakeFiles/mavros_extras.dir/src/plugins/mount_control.cpp.o[0m
[ 66%] [32mBuilding CXX object CMakeFiles/mavros_extras.dir/src/plugins/obstacle_distance.cpp.o[0m
[ 69%] [32mBuilding CXX object CMakeFiles/mavros_extras.dir/src/plugins/odom.cpp.o[0m
[ 72%] [32mBuilding CXX object CMakeFiles/mavros_extras.dir/src/plugins/play_tune.cpp.o[0m
[ 75%] [32mBuilding CXX object CMakeFiles/mavros_extras.dir/src/plugins/px4flow.cpp.o[0m
[ 78%] [32mBuilding CXX object CMakeFiles/mavros_extras.dir/src/plugins/rangefinder.cpp.o[0m
[ 81%] [32mBuilding CXX object CMakeFiles/mavros_extras.dir/src/plugins/trajectory.cpp.o[0m
[ 84%] [32mBuilding CXX object CMakeFiles/mavros_extras.dir/src/plugins/tunnel.cpp.o[0m
[ 87%] [32mBuilding CXX object CMakeFiles/mavros_extras.dir/src/plugins/vibration.cpp.o[0m
[ 90%] [32mBuilding CXX object CMakeFiles/mavros_extras.dir/src/plugins/vision_pose_estimate.cpp.o[0m
[ 93%] [32mBuilding CXX object CMakeFiles/mavros_extras.dir/src/plugins/vision_speed_estimate.cpp.o[0m
[ 96%] [32mBuilding CXX object CMakeFiles/mavros_extras.dir/src/plugins/wheel_odometry.cpp.o[0m
[100%] [32m[1mLinking CXX shared library /home/mhviolentsky/catkin_ws/devel/.private/mavros_extras/lib/libmavros_extras.so[0m
[100%] Built target mavros_extras
